2026-04-21 16:58:15: /home/user/smart-resume-analyzer/backend/utils/aiService.js:530
2026-04-21 16:58:15:       followUpQuestions: ['What's your favorite part of agile?', 'Any challenges with agile?']
2026-04-21 16:58:15:                                 ^
2026-04-21 16:58:15: 
2026-04-21 16:58:15: SyntaxError: Unexpected identifier 's'
2026-04-21 16:58:15:     at wrapSafe (node:internal/modules/cjs/loader:1464:18)
2026-04-21 16:58:15:     at Module._compile (node:internal/modules/cjs/loader:1495:20)
2026-04-21 16:58:15:     at Module._extensions..js (node:internal/modules/cjs/loader:1623:10)
2026-04-21 16:58:15:     at Module.load (node:internal/modules/cjs/loader:1266:32)
2026-04-21 16:58:15:     at Module._load (node:internal/modules/cjs/loader:1091:12)
2026-04-21 16:58:15:     at Module.require (node:internal/modules/cjs/loader:1289:19)
2026-04-21 16:58:15:     at Hook._require.Module.require (/usr/local/lib/node_modules/pm2/node_modules/require-in-the-middle/index.js:101:39)
2026-04-21 16:58:15:     at require (node:internal/modules/helpers:182:18)
2026-04-21 16:58:15:     at Object.<anonymous> (/home/user/smart-resume-analyzer/backend/controllers/analysis.controller.js:9:27)
2026-04-21 16:58:15:     at Module._compile (node:internal/modules/cjs/loader:1521:14)
2026-04-21 16:58:16: /home/user/smart-resume-analyzer/backend/utils/aiService.js:530
2026-04-21 16:58:16:       followUpQuestions: ['What's your favorite part of agile?', 'Any challenges with agile?']
2026-04-21 16:58:16:                                 ^
2026-04-21 16:58:16: 
2026-04-21 16:58:16: SyntaxError: Unexpected identifier 's'
2026-04-21 16:58:16:     at wrapSafe (node:internal/modules/cjs/loader:1464:18)
2026-04-21 16:58:16:     at Module._compile (node:internal/modules/cjs/loader:1495:20)
2026-04-21 16:58:16:     at Module._extensions..js (node:internal/modules/cjs/loader:1623:10)
2026-04-21 16:58:16:     at Module.load (node:internal/modules/cjs/loader:1266:32)
2026-04-21 16:58:16:     at Module._load (node:internal/modules/cjs/loader:1091:12)
2026-04-21 16:58:16:     at Module.require (node:internal/modules/cjs/loader:1289:19)
2026-04-21 16:58:16:     at Hook._require.Module.require (/usr/local/lib/node_modules/pm2/node_modules/require-in-the-middle/index.js:101:39)
2026-04-21 16:58:16:     at require (node:internal/modules/helpers:182:18)
2026-04-21 16:58:16:     at Object.<anonymous> (/home/user/smart-resume-analyzer/backend/controllers/analysis.controller.js:9:27)
2026-04-21 16:58:16:     at Module._compile (node:internal/modules/cjs/loader:1521:14)
2026-04-21 16:58:17: /home/user/smart-resume-analyzer/backend/utils/aiService.js:530
2026-04-21 16:58:17:       followUpQuestions: ['What's your favorite part of agile?', 'Any challenges with agile?']
2026-04-21 16:58:17:                                 ^
2026-04-21 16:58:17: 
2026-04-21 16:58:17: SyntaxError: Unexpected identifier 's'
2026-04-21 16:58:17:     at wrapSafe (node:internal/modules/cjs/loader:1464:18)
2026-04-21 16:58:17:     at Module._compile (node:internal/modules/cjs/loader:1495:20)
2026-04-21 16:58:17:     at Module._extensions..js (node:internal/modules/cjs/loader:1623:10)
2026-04-21 16:58:17:     at Module.load (node:internal/modules/cjs/loader:1266:32)
2026-04-21 16:58:17:     at Module._load (node:internal/modules/cjs/loader:1091:12)
2026-04-21 16:58:17:     at Module.require (node:internal/modules/cjs/loader:1289:19)
2026-04-21 16:58:17:     at Hook._require.Module.require (/usr/local/lib/node_modules/pm2/node_modules/require-in-the-middle/index.js:101:39)
2026-04-21 16:58:17:     at require (node:internal/modules/helpers:182:18)
2026-04-21 16:58:17:     at Object.<anonymous> (/home/user/smart-resume-analyzer/backend/controllers/analysis.controller.js:9:27)
2026-04-21 16:58:17:     at Module._compile (node:internal/modules/cjs/loader:1521:14)
2026-04-21 16:58:18: /home/user/smart-resume-analyzer/backend/utils/aiService.js:530
2026-04-21 16:58:18:       followUpQuestions: ['What's your favorite part of agile?', 'Any challenges with agile?']
2026-04-21 16:58:18:                                 ^
2026-04-21 16:58:18: 
2026-04-21 16:58:18: SyntaxError: Unexpected identifier 's'
2026-04-21 16:58:18:     at wrapSafe (node:internal/modules/cjs/loader:1464:18)
2026-04-21 16:58:18:     at Module._compile (node:internal/modules/cjs/loader:1495:20)
2026-04-21 16:58:18:     at Module._extensions..js (node:internal/modules/cjs/loader:1623:10)
2026-04-21 16:58:18:     at Module.load (node:internal/modules/cjs/loader:1266:32)
2026-04-21 16:58:18:     at Module._load (node:internal/modules/cjs/loader:1091:12)
2026-04-21 16:58:18:     at Module.require (node:internal/modules/cjs/loader:1289:19)
2026-04-21 16:58:18:     at Hook._require.Module.require (/usr/local/lib/node_modules/pm2/node_modules/require-in-the-middle/index.js:101:39)
2026-04-21 16:58:18:     at require (node:internal/modules/helpers:182:18)
2026-04-21 16:58:18:     at Object.<anonymous> (/home/user/smart-resume-analyzer/backend/controllers/analysis.controller.js:9:27)
2026-04-21 16:58:18:     at Module._compile (node:internal/modules/cjs/loader:1521:14)
2026-04-21 16:58:19: /home/user/smart-resume-analyzer/backend/utils/aiService.js:530
2026-04-21 16:58:19:       followUpQuestions: ['What's your favorite part of agile?', 'Any challenges with agile?']
2026-04-21 16:58:19:                                 ^
2026-04-21 16:58:19: 
2026-04-21 16:58:19: SyntaxError: Unexpected identifier 's'
2026-04-21 16:58:19:     at wrapSafe (node:internal/modules/cjs/loader:1464:18)
2026-04-21 16:58:19:     at Module._compile (node:internal/modules/cjs/loader:1495:20)
2026-04-21 16:58:19:     at Module._extensions..js (node:internal/modules/cjs/loader:1623:10)
2026-04-21 16:58:19:     at Module.load (node:internal/modules/cjs/loader:1266:32)
2026-04-21 16:58:19:     at Module._load (node:internal/modules/cjs/loader:1091:12)
2026-04-21 16:58:19:     at Module.require (node:internal/modules/cjs/loader:1289:19)
2026-04-21 16:58:19:     at Hook._require.Module.require (/usr/local/lib/node_modules/pm2/node_modules/require-in-the-middle/index.js:101:39)
2026-04-21 16:58:19:     at require (node:internal/modules/helpers:182:18)
2026-04-21 16:58:19:     at Object.<anonymous> (/home/user/smart-resume-analyzer/backend/controllers/analysis.controller.js:9:27)
2026-04-21 16:58:19:     at Module._compile (node:internal/modules/cjs/loader:1521:14)
2026-04-21 16:58:19: /home/user/smart-resume-analyzer/backend/utils/aiService.js:530
2026-04-21 16:58:19:       followUpQuestions: ['What's your favorite part of agile?', 'Any challenges with agile?']
2026-04-21 16:58:19:                                 ^
2026-04-21 16:58:19: 
2026-04-21 16:58:19: SyntaxError: Unexpected identifier 's'
2026-04-21 16:58:19:     at wrapSafe (node:internal/modules/cjs/loader:1464:18)
2026-04-21 16:58:19:     at Module._compile (node:internal/modules/cjs/loader:1495:20)
2026-04-21 16:58:19:     at Module._extensions..js (node:internal/modules/cjs/loader:1623:10)
2026-04-21 16:58:19:     at Module.load (node:internal/modules/cjs/loader:1266:32)
2026-04-21 16:58:19:     at Module._load (node:internal/modules/cjs/loader:1091:12)
2026-04-21 16:58:19:     at Module.require (node:internal/modules/cjs/loader:1289:19)
2026-04-21 16:58:19:     at Hook._require.Module.require (/usr/local/lib/node_modules/pm2/node_modules/require-in-the-middle/index.js:101:39)
2026-04-21 16:58:19:     at require (node:internal/modules/helpers:182:18)
2026-04-21 16:58:19:     at Object.<anonymous> (/home/user/smart-resume-analyzer/backend/controllers/analysis.controller.js:9:27)
2026-04-21 16:58:19:     at Module._compile (node:internal/modules/cjs/loader:1521:14)
2026-04-21 16:58:20: /home/user/smart-resume-analyzer/backend/utils/aiService.js:530
2026-04-21 16:58:20:       followUpQuestions: ['What's your favorite part of agile?', 'Any challenges with agile?']
2026-04-21 16:58:20:                                 ^
2026-04-21 16:58:20: 
2026-04-21 16:58:20: SyntaxError: Unexpected identifier 's'
2026-04-21 16:58:20:     at wrapSafe (node:internal/modules/cjs/loader:1464:18)
2026-04-21 16:58:20:     at Module._compile (node:internal/modules/cjs/loader:1495:20)
2026-04-21 16:58:20:     at Module._extensions..js (node:internal/modules/cjs/loader:1623:10)
2026-04-21 16:58:20:     at Module.load (node:internal/modules/cjs/loader:1266:32)
2026-04-21 16:58:20:     at Module._load (node:internal/modules/cjs/loader:1091:12)
2026-04-21 16:58:20:     at Module.require (node:internal/modules/cjs/loader:1289:19)
2026-04-21 16:58:20:     at Hook._require.Module.require (/usr/local/lib/node_modules/pm2/node_modules/require-in-the-middle/index.js:101:39)
2026-04-21 16:58:20:     at require (node:internal/modules/helpers:182:18)
2026-04-21 16:58:20:     at Object.<anonymous> (/home/user/smart-resume-analyzer/backend/controllers/analysis.controller.js:9:27)
2026-04-21 16:58:20:     at Module._compile (node:internal/modules/cjs/loader:1521:14)
2026-04-21 16:58:21: /home/user/smart-resume-analyzer/backend/utils/aiService.js:530
2026-04-21 16:58:21:       followUpQuestions: ['What's your favorite part of agile?', 'Any challenges with agile?']
2026-04-21 16:58:21:                                 ^
2026-04-21 16:58:21: 
2026-04-21 16:58:21: SyntaxError: Unexpected identifier 's'
2026-04-21 16:58:21:     at wrapSafe (node:internal/modules/cjs/loader:1464:18)
2026-04-21 16:58:21:     at Module._compile (node:internal/modules/cjs/loader:1495:20)
2026-04-21 16:58:21:     at Module._extensions..js (node:internal/modules/cjs/loader:1623:10)
2026-04-21 16:58:21:     at Module.load (node:internal/modules/cjs/loader:1266:32)
2026-04-21 16:58:21:     at Module._load (node:internal/modules/cjs/loader:1091:12)
2026-04-21 16:58:21:     at Module.require (node:internal/modules/cjs/loader:1289:19)
2026-04-21 16:58:21:     at Hook._require.Module.require (/usr/local/lib/node_modules/pm2/node_modules/require-in-the-middle/index.js:101:39)
2026-04-21 16:58:21:     at require (node:internal/modules/helpers:182:18)
2026-04-21 16:58:21:     at Object.<anonymous> (/home/user/smart-resume-analyzer/backend/controllers/analysis.controller.js:9:27)
2026-04-21 16:58:21:     at Module._compile (node:internal/modules/cjs/loader:1521:14)
2026-04-21 16:58:22: /home/user/smart-resume-analyzer/backend/utils/aiService.js:530
2026-04-21 16:58:22:       followUpQuestions: ['What's your favorite part of agile?', 'Any challenges with agile?']
2026-04-21 16:58:22:                                 ^
2026-04-21 16:58:22: 
2026-04-21 16:58:22: SyntaxError: Unexpected identifier 's'
2026-04-21 16:58:22:     at wrapSafe (node:internal/modules/cjs/loader:1464:18)
2026-04-21 16:58:22:     at Module._compile (node:internal/modules/cjs/loader:1495:20)
2026-04-21 16:58:22:     at Module._extensions..js (node:internal/modules/cjs/loader:1623:10)
2026-04-21 16:58:22:     at Module.load (node:internal/modules/cjs/loader:1266:32)
2026-04-21 16:58:22:     at Module._load (node:internal/modules/cjs/loader:1091:12)
2026-04-21 16:58:22:     at Module.require (node:internal/modules/cjs/loader:1289:19)
2026-04-21 16:58:22:     at Hook._require.Module.require (/usr/local/lib/node_modules/pm2/node_modules/require-in-the-middle/index.js:101:39)
2026-04-21 16:58:22:     at require (node:internal/modules/helpers:182:18)
2026-04-21 16:58:22:     at Object.<anonymous> (/home/user/smart-resume-analyzer/backend/controllers/analysis.controller.js:9:27)
2026-04-21 16:58:22:     at Module._compile (node:internal/modules/cjs/loader:1521:14)
2026-04-21 16:58:23: /home/user/smart-resume-analyzer/backend/utils/aiService.js:530
2026-04-21 16:58:23:       followUpQuestions: ['What's your favorite part of agile?', 'Any challenges with agile?']
2026-04-21 16:58:23:                                 ^
2026-04-21 16:58:23: 
2026-04-21 16:58:23: SyntaxError: Unexpected identifier 's'
2026-04-21 16:58:23:     at wrapSafe (node:internal/modules/cjs/loader:1464:18)
2026-04-21 16:58:23:     at Module._compile (node:internal/modules/cjs/loader:1495:20)
2026-04-21 16:58:23:     at Module._extensions..js (node:internal/modules/cjs/loader:1623:10)
2026-04-21 16:58:23:     at Module.load (node:internal/modules/cjs/loader:1266:32)
2026-04-21 16:58:23:     at Module._load (node:internal/modules/cjs/loader:1091:12)
2026-04-21 16:58:23:     at Module.require (node:internal/modules/cjs/loader:1289:19)
2026-04-21 16:58:23:     at Hook._require.Module.require (/usr/local/lib/node_modules/pm2/node_modules/require-in-the-middle/index.js:101:39)
2026-04-21 16:58:23:     at require (node:internal/modules/helpers:182:18)
2026-04-21 16:58:23:     at Object.<anonymous> (/home/user/smart-resume-analyzer/backend/controllers/analysis.controller.js:9:27)
2026-04-21 16:58:23:     at Module._compile (node:internal/modules/cjs/loader:1521:14)
2026-04-21 16:58:24: /home/user/smart-resume-analyzer/backend/utils/aiService.js:530
2026-04-21 16:58:24:       followUpQuestions: ['What's your favorite part of agile?', 'Any challenges with agile?']
2026-04-21 16:58:24:                                 ^
2026-04-21 16:58:24: 
2026-04-21 16:58:24: SyntaxError: Unexpected identifier 's'
2026-04-21 16:58:24:     at wrapSafe (node:internal/modules/cjs/loader:1464:18)
2026-04-21 16:58:24:     at Module._compile (node:internal/modules/cjs/loader:1495:20)
2026-04-21 16:58:24:     at Module._extensions..js (node:internal/modules/cjs/loader:1623:10)
2026-04-21 16:58:24:     at Module.load (node:internal/modules/cjs/loader:1266:32)
2026-04-21 16:58:24:     at Module._load (node:internal/modules/cjs/loader:1091:12)
2026-04-21 16:58:24:     at Module.require (node:internal/modules/cjs/loader:1289:19)
2026-04-21 16:58:24:     at Hook._require.Module.require (/usr/local/lib/node_modules/pm2/node_modules/require-in-the-middle/index.js:101:39)
2026-04-21 16:58:24:     at require (node:internal/modules/helpers:182:18)
2026-04-21 16:58:24:     at Object.<anonymous> (/home/user/smart-resume-analyzer/backend/controllers/analysis.controller.js:9:27)
2026-04-21 16:58:24:     at Module._compile (node:internal/modules/cjs/loader:1521:14)
2026-04-21 16:58:24: /home/user/smart-resume-analyzer/backend/utils/aiService.js:530
2026-04-21 16:58:24:       followUpQuestions: ['What's your favorite part of agile?', 'Any challenges with agile?']
2026-04-21 16:58:24:                                 ^
2026-04-21 16:58:24: 
2026-04-21 16:58:24: SyntaxError: Unexpected identifier 's'
2026-04-21 16:58:24:     at wrapSafe (node:internal/modules/cjs/loader:1464:18)
2026-04-21 16:58:24:     at Module._compile (node:internal/modules/cjs/loader:1495:20)
2026-04-21 16:58:24:     at Module._extensions..js (node:internal/modules/cjs/loader:1623:10)
2026-04-21 16:58:24:     at Module.load (node:internal/modules/cjs/loader:1266:32)
2026-04-21 16:58:24:     at Module._load (node:internal/modules/cjs/loader:1091:12)
2026-04-21 16:58:24:     at Module.require (node:internal/modules/cjs/loader:1289:19)
2026-04-21 16:58:24:     at Hook._require.Module.require (/usr/local/lib/node_modules/pm2/node_modules/require-in-the-middle/index.js:101:39)
2026-04-21 16:58:24:     at require (node:internal/modules/helpers:182:18)
2026-04-21 16:58:24:     at Object.<anonymous> (/home/user/smart-resume-analyzer/backend/controllers/analysis.controller.js:9:27)
2026-04-21 16:58:24:     at Module._compile (node:internal/modules/cjs/loader:1521:14)
2026-04-21 16:58:25: /home/user/smart-resume-analyzer/backend/utils/aiService.js:530
2026-04-21 16:58:25:       followUpQuestions: ['What's your favorite part of agile?', 'Any challenges with agile?']
2026-04-21 16:58:25:                                 ^
2026-04-21 16:58:25: 
2026-04-21 16:58:25: SyntaxError: Unexpected identifier 's'
2026-04-21 16:58:25:     at wrapSafe (node:internal/modules/cjs/loader:1464:18)
2026-04-21 16:58:25:     at Module._compile (node:internal/modules/cjs/loader:1495:20)
2026-04-21 16:58:25:     at Module._extensions..js (node:internal/modules/cjs/loader:1623:10)
2026-04-21 16:58:25:     at Module.load (node:internal/modules/cjs/loader:1266:32)
2026-04-21 16:58:25:     at Module._load (node:internal/modules/cjs/loader:1091:12)
2026-04-21 16:58:25:     at Module.require (node:internal/modules/cjs/loader:1289:19)
2026-04-21 16:58:25:     at Hook._require.Module.require (/usr/local/lib/node_modules/pm2/node_modules/require-in-the-middle/index.js:101:39)
2026-04-21 16:58:25:     at require (node:internal/modules/helpers:182:18)
2026-04-21 16:58:25:     at Object.<anonymous> (/home/user/smart-resume-analyzer/backend/controllers/analysis.controller.js:9:27)
2026-04-21 16:58:25:     at Module._compile (node:internal/modules/cjs/loader:1521:14)
2026-04-21 16:58:26: /home/user/smart-resume-analyzer/backend/utils/aiService.js:530
2026-04-21 16:58:26:       followUpQuestions: ['What's your favorite part of agile?', 'Any challenges with agile?']
2026-04-21 16:58:26:                                 ^
2026-04-21 16:58:26: 
2026-04-21 16:58:26: SyntaxError: Unexpected identifier 's'
2026-04-21 16:58:26:     at wrapSafe (node:internal/modules/cjs/loader:1464:18)
2026-04-21 16:58:26:     at Module._compile (node:internal/modules/cjs/loader:1495:20)
2026-04-21 16:58:26:     at Module._extensions..js (node:internal/modules/cjs/loader:1623:10)
2026-04-21 16:58:26:     at Module.load (node:internal/modules/cjs/loader:1266:32)
2026-04-21 16:58:26:     at Module._load (node:internal/modules/cjs/loader:1091:12)
2026-04-21 16:58:26:     at Module.require (node:internal/modules/cjs/loader:1289:19)
2026-04-21 16:58:26:     at Hook._require.Module.require (/usr/local/lib/node_modules/pm2/node_modules/require-in-the-middle/index.js:101:39)
2026-04-21 16:58:26:     at require (node:internal/modules/helpers:182:18)
2026-04-21 16:58:26:     at Object.<anonymous> (/home/user/smart-resume-analyzer/backend/controllers/analysis.controller.js:9:27)
2026-04-21 16:58:26:     at Module._compile (node:internal/modules/cjs/loader:1521:14)
2026-04-21 16:58:27: /home/user/smart-resume-analyzer/backend/utils/aiService.js:530
2026-04-21 16:58:27:       followUpQuestions: ['What's your favorite part of agile?', 'Any challenges with agile?']
2026-04-21 16:58:27:                                 ^
2026-04-21 16:58:27: 
2026-04-21 16:58:27: SyntaxError: Unexpected identifier 's'
2026-04-21 16:58:27:     at wrapSafe (node:internal/modules/cjs/loader:1464:18)
2026-04-21 16:58:27:     at Module._compile (node:internal/modules/cjs/loader:1495:20)
2026-04-21 16:58:27:     at Module._extensions..js (node:internal/modules/cjs/loader:1623:10)
2026-04-21 16:58:27:     at Module.load (node:internal/modules/cjs/loader:1266:32)
2026-04-21 16:58:27:     at Module._load (node:internal/modules/cjs/loader:1091:12)
2026-04-21 16:58:27:     at Module.require (node:internal/modules/cjs/loader:1289:19)
2026-04-21 16:58:27:     at Hook._require.Module.require (/usr/local/lib/node_modules/pm2/node_modules/require-in-the-middle/index.js:101:39)
2026-04-21 16:58:27:     at require (node:internal/modules/helpers:182:18)
2026-04-21 16:58:27:     at Object.<anonymous> (/home/user/smart-resume-analyzer/backend/controllers/analysis.controller.js:9:27)
2026-04-21 16:58:27:     at Module._compile (node:internal/modules/cjs/loader:1521:14)
2026-04-21 16:58:28: /home/user/smart-resume-analyzer/backend/utils/aiService.js:530
2026-04-21 16:58:28:       followUpQuestions: ['What's your favorite part of agile?', 'Any challenges with agile?']
2026-04-21 16:58:28:                                 ^
2026-04-21 16:58:28: 
2026-04-21 16:58:28: SyntaxError: Unexpected identifier 's'
2026-04-21 16:58:28:     at wrapSafe (node:internal/modules/cjs/loader:1464:18)
2026-04-21 16:58:28:     at Module._compile (node:internal/modules/cjs/loader:1495:20)
2026-04-21 16:58:28:     at Module._extensions..js (node:internal/modules/cjs/loader:1623:10)
2026-04-21 16:58:28:     at Module.load (node:internal/modules/cjs/loader:1266:32)
2026-04-21 16:58:28:     at Module._load (node:internal/modules/cjs/loader:1091:12)
2026-04-21 16:58:28:     at Module.require (node:internal/modules/cjs/loader:1289:19)
2026-04-21 16:58:28:     at Hook._require.Module.require (/usr/local/lib/node_modules/pm2/node_modules/require-in-the-middle/index.js:101:39)
2026-04-21 16:58:28:     at require (node:internal/modules/helpers:182:18)
2026-04-21 16:58:28:     at Object.<anonymous> (/home/user/smart-resume-analyzer/backend/controllers/analysis.controller.js:9:27)
2026-04-21 16:58:28:     at Module._compile (node:internal/modules/cjs/loader:1521:14)
2026-04-21 16:58:28: /home/user/smart-resume-analyzer/backend/utils/aiService.js:530
2026-04-21 16:58:28:       followUpQuestions: ['What's your favorite part of agile?', 'Any challenges with agile?']
2026-04-21 16:58:28:                                 ^
2026-04-21 16:58:28: 
2026-04-21 16:58:28: SyntaxError: Unexpected identifier 's'
2026-04-21 16:58:28:     at wrapSafe (node:internal/modules/cjs/loader:1464:18)
2026-04-21 16:58:28:     at Module._compile (node:internal/modules/cjs/loader:1495:20)
2026-04-21 16:58:28:     at Module._extensions..js (node:internal/modules/cjs/loader:1623:10)
2026-04-21 16:58:28:     at Module.load (node:internal/modules/cjs/loader:1266:32)
2026-04-21 16:58:28:     at Module._load (node:internal/modules/cjs/loader:1091:12)
2026-04-21 16:58:28:     at Module.require (node:internal/modules/cjs/loader:1289:19)
2026-04-21 16:58:28:     at Hook._require.Module.require (/usr/local/lib/node_modules/pm2/node_modules/require-in-the-middle/index.js:101:39)
2026-04-21 16:58:28:     at require (node:internal/modules/helpers:182:18)
2026-04-21 16:58:28:     at Object.<anonymous> (/home/user/smart-resume-analyzer/backend/controllers/analysis.controller.js:9:27)
2026-04-21 16:58:28:     at Module._compile (node:internal/modules/cjs/loader:1521:14)
2026-04-21 16:58:29: /home/user/smart-resume-analyzer/backend/utils/aiService.js:530
2026-04-21 16:58:29:       followUpQuestions: ['What's your favorite part of agile?', 'Any challenges with agile?']
2026-04-21 16:58:29:                                 ^
2026-04-21 16:58:29: 
2026-04-21 16:58:29: SyntaxError: Unexpected identifier 's'
2026-04-21 16:58:29:     at wrapSafe (node:internal/modules/cjs/loader:1464:18)
2026-04-21 16:58:29:     at Module._compile (node:internal/modules/cjs/loader:1495:20)
2026-04-21 16:58:29:     at Module._extensions..js (node:internal/modules/cjs/loader:1623:10)
2026-04-21 16:58:29:     at Module.load (node:internal/modules/cjs/loader:1266:32)
2026-04-21 16:58:29:     at Module._load (node:internal/modules/cjs/loader:1091:12)
2026-04-21 16:58:29:     at Module.require (node:internal/modules/cjs/loader:1289:19)
2026-04-21 16:58:29:     at Hook._require.Module.require (/usr/local/lib/node_modules/pm2/node_modules/require-in-the-middle/index.js:101:39)
2026-04-21 16:58:29:     at require (node:internal/modules/helpers:182:18)
2026-04-21 16:58:29:     at Object.<anonymous> (/home/user/smart-resume-analyzer/backend/controllers/analysis.controller.js:9:27)
2026-04-21 16:58:29:     at Module._compile (node:internal/modules/cjs/loader:1521:14)
2026-04-21 16:59:02: (node:2192) [MONGOOSE] Warning: Duplicate schema index on {"email":1} found. This is often due to declaring an index using both "index: true" and "schema.index()". Please remove the duplicate index definition.
2026-04-21 16:59:02: (Use `node --trace-warnings ...` to show where the warning was created)
2026-04-21 16:59:02: (node:2192) [MONGODB DRIVER] Warning: useNewUrlParser is a deprecated option: useNewUrlParser has no effect since Node.js Driver version 4.0.0 and will be removed in the next major version
2026-04-21 16:59:02: (node:2192) [MONGODB DRIVER] Warning: useUnifiedTopology is a deprecated option: useUnifiedTopology has no effect since Node.js Driver version 4.0.0 and will be removed in the next major version
2026-04-21 16:59:32: ❌ MongoDB connection failed: connect ECONNREFUSED ::1:27017, connect ECONNREFUSED 127.0.0.1:27017
